[ 2019-04-03T00:00:01+08:00 ][ sql ] [ DB ] CONNECT:[ UseTime:0.003339s ] mysql:host=127.0.0.1;port=3306;dbname=qukuailian_zouze;charset=utf8
[ 2019-04-03T00:00:01+08:00 ][ sql ] [ SQL ] SHOW COLUMNS FROM `zp_pig_goods` [ RunTime:0.000617s ]
[ 2019-04-03T00:00:01+08:00 ][ sql ] [ SQL ] SELECT `id` FROM `zp_pig_goods` [ RunTime:0.007184s ]
[ 2019-04-03T00:00:01+08:00 ][ sql ] [ DB ] CONNECT:[ UseTime:0.000386s ] mysql:host=127.0.0.1;port=3306;dbname=qukuailian_zouze;charset=utf8
[ 2019-04-03T00:00:01+08:00 ][ sql ] [ DB ] CONNECT:[ UseTime:0.000251s ] mysql:host=127.0.0.1;port=3306;dbname=qukuailian_zouze;charset=utf8
[ 2019-04-03T00:00:01+08:00 ][ sql ] [ SQL ] UPDATE `zp_pig_goods`  SET `today_is_open`=0,`is_lock`=0,`game_reset_time`=1554220801  WHERE  `id` IN (1,2,3,4,5,6,17,18) [ RunTime:0.011357s ]
[ 2019-04-03T00:00:01+08:00 ][ sql ] [ SQL ] SHOW COLUMNS FROM `zp_user_exclusive_pig` [ RunTime:0.004590s ]
[ 2019-04-03T00:00:01+08:00 ][ sql ] [ SQL ] SELECT * FROM `zp_user_exclusive_pig` [ RunTime:0.000290s ]
[ 2019-04-03T00:00:01+08:00 ][ sql ] [ SQL ] SHOW COLUMNS FROM `zp_pig_goods` [ RunTime:0.001143s ]
[ 2019-04-03T00:00:01+08:00 ][ sql ] [ SQL ] SELECT `contract_days`,`income_ratio`,`doge_money`,`pig_currency` FROM `zp_pig_goods` WHERE  `id` = 18 LIMIT 1 [ RunTime:0.000497s ]
[ 2019-04-03T00:00:01+08:00 ][ sql ] [ SQL ] SELECT `contract_days`,`income_ratio`,`doge_money`,`pig_currency` FROM `zp_pig_goods` WHERE  `id` = 18 LIMIT 1 [ RunTime:0.001450s ]
[ 2019-04-03T00:00:01+08:00 ][ sql ] [ SQL ] SELECT `contract_days`,`income_ratio`,`doge_money`,`pig_currency` FROM `zp_pig_goods` WHERE  `id` = 6 LIMIT 1 [ RunTime:0.001127s ]
[ 2019-04-03T00:00:01+08:00 ][ sql ] [ SQL ] SELECT `contract_days`,`income_ratio`,`doge_money`,`pig_currency` FROM `zp_pig_goods` WHERE  `id` = 6 LIMIT 1 [ RunTime:0.000143s ]
[ 2019-04-03T00:00:01+08:00 ][ sql ] [ SQL ] SELECT `contract_days`,`income_ratio`,`doge_money`,`pig_currency` FROM `zp_pig_goods` WHERE  `id` = 6 LIMIT 1 [ RunTime:0.000122s ]
[ 2019-04-03T00:00:01+08:00 ][ sql ] [ SQL ] SELECT `contract_days`,`income_ratio`,`doge_money`,`pig_currency` FROM `zp_pig_goods` WHERE  `id` = 1 LIMIT 1 [ RunTime:0.000201s ]
[ 2019-04-03T00:00:01+08:00 ][ sql ] [ SQL ] SELECT `contract_days`,`income_ratio`,`doge_money`,`pig_currency` FROM `zp_pig_goods` WHERE  `id` = 1 LIMIT 1 [ RunTime:0.000126s ]
[ 2019-04-03T00:00:01+08:00 ][ sql ] [ SQL ] SELECT `contract_days`,`income_ratio`,`doge_money`,`pig_currency` FROM `zp_pig_goods` WHERE  `id` = 2 LIMIT 1 [ RunTime:0.000170s ]
[ 2019-04-03T00:00:01+08:00 ][ sql ] [ SQL ] SELECT `contract_days`,`income_ratio`,`doge_money`,`pig_currency` FROM `zp_pig_goods` WHERE  `id` = 1 LIMIT 1 [ RunTime:0.000136s ]
[ 2019-04-03T00:00:01+08:00 ][ sql ] [ SQL ] SELECT `contract_days`,`income_ratio`,`doge_money`,`pig_currency` FROM `zp_pig_goods` WHERE  `id` = 1 LIMIT 1 [ RunTime:0.000118s ]
[ 2019-04-03T00:00:01+08:00 ][ sql ] [ SQL ] SELECT `contract_days`,`income_ratio`,`doge_money`,`pig_currency` FROM `zp_pig_goods` WHERE  `id` = 2 LIMIT 1 [ RunTime:0.000756s ]
[ 2019-04-03T00:00:01+08:00 ][ sql ] [ SQL ] SELECT `contract_days`,`income_ratio`,`doge_money`,`pig_currency` FROM `zp_pig_goods` WHERE  `id` = 2 LIMIT 1 [ RunTime:0.000152s ]
[ 2019-04-03T00:00:01+08:00 ][ sql ] [ SQL ] SHOW COLUMNS FROM `zp_pig_order` [ RunTime:0.000490s ]
[ 2019-04-03T00:00:01+08:00 ][ sql ] [ SQL ] SELECT `pig_order_sn` FROM `zp_pig_order` WHERE  `pig_id` = 12 LIMIT 1 [ RunTime:0.000304s ]
[ 2019-04-03T00:00:01+08:00 ][ sql ] [ SQL ] SHOW COLUMNS FROM `zp_pig_doge_money` [ RunTime:0.000571s ]
[ 2019-04-03T00:00:01+08:00 ][ sql ] [ DB ] CONNECT:[ UseTime:0.000279s ] mysql:host=127.0.0.1;port=3306;dbname=qukuailian_zouze;charset=utf8
[ 2019-04-03T00:00:01+08:00 ][ sql ] [ SQL ] INSERT INTO `zp_pig_doge_money` (`doge_money` , `add_time` , `desc` , `type` , `user_id`) VALUES (4.8546 , 1554220801 , '增加虾虾币' , 2 , 2) [ RunTime:0.001024s ]
[ 2019-04-03T00:00:01+08:00 ][ sql ] [ SQL ] SHOW COLUMNS FROM `zp_users` [ RunTime:0.001183s ]
[ 2019-04-03T00:00:01+08:00 ][ sql ] [ SQL ] UPDATE `zp_users`  SET `doge_money`=doge_money+4.8546  WHERE  `user_id` = 2 [ RunTime:0.000423s ]
[ 2019-04-03T00:00:01+08:00 ][ sql ] [ SQL ] INSERT INTO `zp_pig_doge_money` (`user_id` , `contract_revenue` , `add_time` , `type` , `order_sn` , `desc`) VALUES (2 , 80.91 , 1554220801 , 3 , '201904021409528655' , '智能合约收益') [ RunTime:0.000249s ]
[ 2019-04-03T00:00:01+08:00 ][ sql ] [ SQL ] SELECT MAX(large_price) AS tp_max FROM `zp_pig_goods` LIMIT 1 [ RunTime:0.000282s ]
[ 2019-04-03T00:00:01+08:00 ][ sql ] [ SQL ] SELECT `id` FROM `zp_pig_goods` WHERE  `small_price` <= 979.91  AND `large_price` >= 979.91 LIMIT 1 [ RunTime:0.000281s ]
[ 2019-04-03T00:00:01+08:00 ][ sql ] [ SQL ] UPDATE `zp_user_exclusive_pig`  SET `price`=979.91,`pig_id`=3,`is_able_sale`=1  WHERE  `id` = 12 [ RunTime:0.016222s ]
[ 2019-04-03T00:00:01+08:00 ][ sql ] [ SQL ] SELECT MAX(large_price) AS tp_max FROM `zp_pig_goods` LIMIT 1 [ RunTime:0.000221s ]
[ 2019-04-03T00:00:01+08:00 ][ sql ] [ SQL ] SELECT * FROM `zp_users` WHERE  `user_id` = 2 LIMIT 1 [ RunTime:0.000387s ]
[ 2019-04-03T00:00:01+08:00 ][ sql ] [ SQL ] SELECT * FROM `zp_users` WHERE  `user_id` = 1 LIMIT 1 [ RunTime:0.000284s ]
[ 2019-04-03T00:00:01+08:00 ][ sql ] [ SQL ] SELECT * FROM `zp_users` WHERE  `user_id` = 0 LIMIT 1 [ RunTime:0.000256s ]
[ 2019-04-03T00:00:01+08:00 ][ sql ] [ SQL ] SELECT `first_leader` FROM `zp_users` WHERE  `user_id` = 2 LIMIT 1 [ RunTime:0.000198s ]
[ 2019-04-03T00:00:01+08:00 ][ sql ] [ SQL ] SELECT `first_leader` FROM `zp_users` WHERE  `user_id` = 1 LIMIT 1 [ RunTime:0.000176s ]
[ 2019-04-03T00:00:01+08:00 ][ sql ] [ SQL ] SELECT `user_money`,`usermoneysalt` FROM `zp_users` WHERE  `user_id` = 1 LIMIT 1 [ RunTime:0.000172s ]
[ 2019-04-03T00:00:01+08:00 ][ sql ] [ SQL ] SELECT `user_money`,`usermoneysalt` FROM `zp_users` WHERE  `user_id` = 1 LIMIT 1 [ RunTime:0.000155s ]
[ 2019-04-03T00:00:01+08:00 ][ sql ] [ SQL ] UPDATE `zp_users`  SET `user_money`=user_money+4.8546,`pay_points`=pay_points+0,`distribut_money`=distribut_money+0,`usermoneysalt`='T2sG4S89y/JFz+4Uwf9S6g=='  WHERE  `user_id` = 1 [ RunTime:0.000430s ]
[ 2019-04-03T00:00:01+08:00 ][ sql ] [ SQL ] SHOW COLUMNS FROM `zp_account_log` [ RunTime:0.000603s ]
[ 2019-04-03T00:00:01+08:00 ][ sql ] [ SQL ] INSERT INTO `zp_account_log` (`user_id` , `user_money` , `pay_points` , `change_time` , `desc` , `order_id` , `order_sn` , `type` , `pig_id`) VALUES (1 , 4.8546 , 0 , 1554220801 , '推荐奖' , 0 , '0' , 13 , 0) [ RunTime:0.011419s ]
[ 2019-04-03T00:00:01+08:00 ][ sql ] [ SQL ] SELECT * FROM `zp_users` WHERE  `user_id` = 1 LIMIT 1 [ RunTime:0.000406s ]
[ 2019-04-03T00:00:01+08:00 ][ sql ] [ SQL ] SELECT * FROM `zp_users` WHERE  `user_id` = 0 LIMIT 1 [ RunTime:0.000284s ]
[ 2019-04-03T01:00:01+08:00 ][ sql ] [ DB ] CONNECT:[ UseTime:0.002436s ] mysql:host=127.0.0.1;port=3306;dbname=qukuailian_zouze;charset=utf8
[ 2019-04-03T01:00:01+08:00 ][ sql ] [ SQL ] SHOW COLUMNS FROM `zp_pig_goods` [ RunTime:0.000795s ]
[ 2019-04-03T01:00:01+08:00 ][ sql ] [ SQL ] SELECT `id` FROM `zp_pig_goods` [ RunTime:0.000226s ]
[ 2019-04-03T01:00:01+08:00 ][ sql ] [ DB ] CONNECT:[ UseTime:0.000392s ] mysql:host=127.0.0.1;port=3306;dbname=qukuailian_zouze;charset=utf8
[ 2019-04-03T01:00:01+08:00 ][ sql ] [ SQL ] UPDATE `zp_pig_goods`  SET `today_is_open`=0,`is_lock`=0,`game_reset_time`=1554224401  WHERE  `id` IN (1,2,3,4,5,6,17,18) [ RunTime:0.000361s ]
[ 2019-04-03T01:30:01+08:00 ][ sql ] [ DB ] CONNECT:[ UseTime:0.003550s ] mysql:host=127.0.0.1;port=3306;dbname=qukuailian_zouze;charset=utf8
[ 2019-04-03T01:30:01+08:00 ][ sql ] [ SQL ] SHOW COLUMNS FROM `zp_pig_order` [ RunTime:0.000522s ]
[ 2019-04-03T01:30:01+08:00 ][ sql ] [ SQL ] SELECT * FROM `zp_pig_order` WHERE  `pay_status` = 1  AND `end_time` < 1554226201 [ RunTime:0.001499s ]
